<?xml version="1.0" encoding="UTF-8"?>
<!-- Generated by org.testng.reporters.JUnitXMLReporter -->
<testsuite hostname="YaroslavPC" ignored="2" tests="1" failures="0" timestamp="2022-05-22T12:40:02 EDT" time="8.765" errors="0">
  <testcase name="userAccess" time="5.153" classname="HomeTest"/>
  <testcase name="defaultDashboards" time="0.0" classname="HomeTest">
    <ignored/>
  </testcase> <!-- defaultDashboards -->
  <testcase name="pageTitle" time="0.0" classname="HomeTest">
    <ignored/>
  </testcase> <!-- pageTitle -->
</testsuite>
